{
  "RSpec": {
    "coverage": {
      "/home/ubuntu/workspace/spec/nasa_controller_spec.rb": [
        1,
        null,
        1,
        null
      ],
      "/home/ubuntu/workspace/nasa_controller.rb": [
        1,
        null
      ],
      "/home/ubuntu/workspace/spec/plateau_spec.rb": [
        1,
        null,
        1,
        null,
        1,
        1,
        1,
        1,
        1,
        null,
        null,
        null,
        null
      ],
      "/home/ubuntu/workspace/lib/plateau.rb": [
        1,
        null,
        1,
        null,
        1,
        1,
        1,
        null,
        null,
        null
      ],
      "/home/ubuntu/workspace/spec/rover_spec.rb": [
        1,
        null,
        1,
        null,
        1,
        1,
        1,
        1,
        1,
        1,
        null,
        null,
        null,
        1,
        1,
        1,
        1,
        1,
        1,
        null,
        null,
        null,
        1,
        1,
        1,
        1,
        1,
        null,
        null,
        1,
        1,
        1,
        1,
        null,
        null,
        null,
        1,
        1,
        1,
        1,
        null,
        null,
        null,
        1,
        1,
        1,
        1,
        1,
        9,
        null,
        1,
        null,
        null,
        null,
        null
      ],
      "/home/ubuntu/workspace/lib/rover.rb": [
        1,
        null,
        1,
        null,
        1,
        null,
        1,
        6,
        6,
        6,
        null,
        null,
        1,
        9,
        5,
        4,
        0,
        null,
        null,
        null,
        1,
        6,
        1,
        1,
        5,
        5,
        5,
        null,
        null,
        null,
        1,
        6,
        3,
        1,
        1,
        1,
        null,
        null,
        null,
        1,
        2,
        null,
        null,
        null
      ]
    },
    "timestamp": 1487089054
  }
}
