{
  "RSpec": {
    "coverage": {
      "/home/ubuntu/workspace/spec/nasa_controller_spec.rb": [
        1,
        null,
        1,
        null,
        6,
        null,
        1,
        null,
        1,
        1,
        1,
        1,
        1,
        1,
        1,
        null,
        null,
        null,
        1,
        null,
        1,
        1,
        1,
        1,
        null,
        null,
        null,
        1,
        null,
        1,
        null,
        1,
        1,
        1,
        null,
        null,
        1,
        null,
        1,
        1,
        1,
        null,
        null,
        null,
        1,
        1,
        1,
        1,
        1,
        null,
        null,
        null
      ],
      "/home/ubuntu/workspace/lib/nasa_controller.rb": [
        1,
        1,
        1,
        null,
        1,
        null,
        1,
        null,
        1,
        5,
        5,
        5,
        null,
        null,
        1,
        5,
        5,
        null,
        null,
        1,
        5,
        5,
        null,
        null,
        1,
        5,
        5,
        5,
        10,
        10,
        10,
        10,
        null,
        null,
        null,
        1,
        1,
        2,
        2,
        null,
        null,
        null,
        1,
        5,
        16,
        16,
        2,
        2,
        null,
        14,
        14,
        null,
        null,
        null,
        5,
        null,
        null,
        1,
        16,
        2,
        14,
        0,
        null,
        null,
        null,
        null
      ],
      "/home/ubuntu/workspace/lib/plateau.rb": [
        1,
        null,
        1,
        null,
        1,
        6,
        6,
        null,
        null,
        null
      ],
      "/home/ubuntu/workspace/lib/rover.rb": [
        1,
        null,
        1,
        null,
        1,
        null,
        1,
        16,
        16,
        16,
        16,
        16,
        16,
        null,
        null,
        1,
        23,
        16,
        7,
        0,
        null,
        null,
        null,
        1,
        9,
        4,
        4,
        5,
        5,
        5,
        null,
        null,
        null,
        1,
        17,
        3,
        7,
        5,
        2,
        null,
        null,
        null,
        1,
        21,
        null,
        null,
        1,
        2,
        null,
        null,
        1,
        5,
        null,
        null,
        null
      ],
      "/home/ubuntu/workspace/lib/navigation.rb": [
        1,
        null,
        1,
        null,
        null,
        1,
        14,
        null,
        null,
        1,
        5,
        5,
        5,
        null,
        null,
        1,
        12,
        12,
        12,
        null,
        null,
        1,
        11,
        11,
        null,
        null,
        1,
        6,
        6,
        null,
        null,
        1,
        14,
        null,
        null,
        1,
        14,
        104,
        null,
        null,
        null,
        1,
        13,
        13,
        13,
        null,
        null,
        1,
        11,
        null,
        null,
        1,
        11,
        null,
        null,
        1,
        7,
        7,
        36,
        36,
        null,
        null,
        null,
        1,
        38,
        38,
        38,
        132,
        90,
        90,
        null,
        42,
        42,
        null,
        null,
        38,
        null,
        null,
        1,
        6,
        6,
        6,
        28,
        14,
        null,
        14,
        null,
        null,
        null,
        null
      ],
      "/home/ubuntu/workspace/spec/navigation_spec.rb": [
        1,
        null,
        1,
        null,
        10,
        null,
        1,
        1,
        1,
        null,
        null,
        null,
        1,
        1,
        1,
        1,
        1,
        null,
        null,
        null,
        1,
        1,
        1,
        1,
        1,
        1,
        1,
        1,
        null,
        null,
        null,
        1,
        1,
        1,
        1,
        1,
        1,
        1,
        null,
        null,
        null,
        1,
        1,
        1,
        1,
        1,
        1,
        1,
        null,
        null,
        null,
        1,
        1,
        1,
        1,
        1,
        1,
        1,
        1,
        null,
        null,
        null,
        1,
        1,
        1,
        1,
        1,
        1,
        null,
        null,
        null,
        1,
        1,
        1,
        1,
        1,
        1,
        1,
        1,
        null,
        null,
        null,
        1,
        1,
        1,
        1,
        null,
        null,
        null
      ],
      "/home/ubuntu/workspace/spec/plateau_spec.rb": [
        1,
        null,
        1,
        null,
        1,
        1,
        1,
        1,
        1,
        null,
        null,
        null,
        null
      ],
      "/home/ubuntu/workspace/spec/rover_spec.rb": [
        1,
        null,
        1,
        null,
        7,
        null,
        1,
        null,
        1,
        1,
        1,
        1,
        1,
        null,
        null,
        null,
        1,
        null,
        1,
        1,
        1,
        1,
        null,
        null,
        null,
        1,
        null,
        1,
        1,
        1,
        null,
        null,
        1,
        1,
        1,
        null,
        null,
        null,
        1,
        null,
        1,
        1,
        null,
        null,
        null,
        1,
        null,
        1,
        1,
        1,
        9,
        null,
        1,
        null,
        null,
        null,
        null
      ]
    },
    "timestamp": 1487114173
  }
}
